<testsuites id="" name="" tests="7" failures="7" skipped="0" errors="0" time="51.208229">
<testsuite name="document-workflow.spec.ts" timestamp="2025-10-03T05:04:44.710Z" hostname="chromium" tests="1" failures="1" skipped="0" time="13.677" errors="0">
<testcase name="PDF Searcher Document Workflow › should complete basic document upload workflow" classname="document-workflow.spec.ts" time="13.677">
<failure message="document-workflow.spec.ts:14:7 should complete basic document upload workflow" type="FAILURE">
<![CDATA[  [chromium] › document-workflow.spec.ts:14:7 › PDF Searcher Document Workflow › should complete basic document upload workflow 

    Error: expect(locator).toBeVisible() failed

    Locator:  locator('[data-testid="dashboard"]')
    Expected: visible
    Received: <element(s) not found>
    Timeout:  10000ms

    Call log:
      - Expect "toBeVisible" with timeout 10000ms
      - waiting for locator('[data-testid="dashboard"]')


      22 |     // Wait for dashboard to load after OAuth redirect
      23 |     // In a real test environment, this would require OAuth mock or test credentials
    > 24 |     await expect(page.locator('[data-testid="dashboard"]')).toBeVisible({ timeout: 10000 })
         |                                                             ^
      25 |
      26 |     // Step 2: Upload form is already visible on dashboard
      27 |     await expect(page.locator('[data-testid="upload-form"]')).toBeVisible()
        at /Users/macbookpro/Desktop/pdf-ai-assistant/tests/e2e/document-workflow.spec.ts:24:61

    attachment #1: screenshot (image/png) ──────────────────────────────────────────────────────────
    ../../test-results/document-workflow-PDF-Sear-98f66-ic-document-upload-workflow-chromium/test-failed-1.png
    ────────────────────────────────────────────────────────────────────────────────────────────────

    attachment #2: video (video/webm) ──────────────────────────────────────────────────────────────
    ../../test-results/document-workflow-PDF-Sear-98f66-ic-document-upload-workflow-chromium/video.webm
    ────────────────────────────────────────────────────────────────────────────────────────────────

    Error Context: ../../test-results/document-workflow-PDF-Sear-98f66-ic-document-upload-workflow-chromium/error-context.md
]]>
</failure>
<system-out>
<![CDATA[
[[ATTACHMENT|document-workflow-PDF-Sear-98f66-ic-document-upload-workflow-chromium/test-failed-1.png]]

[[ATTACHMENT|document-workflow-PDF-Sear-98f66-ic-document-upload-workflow-chromium/video.webm]]

[[ATTACHMENT|document-workflow-PDF-Sear-98f66-ic-document-upload-workflow-chromium/error-context.md]]
]]>
</system-out>
</testcase>
</testsuite>
<testsuite name="document-workflow.spec.ts" timestamp="2025-10-03T05:04:44.710Z" hostname="firefox" tests="1" failures="1" skipped="0" time="14.425" errors="0">
<testcase name="PDF Searcher Document Workflow › should complete basic document upload workflow" classname="document-workflow.spec.ts" time="14.425">
<failure message="document-workflow.spec.ts:14:7 should complete basic document upload workflow" type="FAILURE">
<![CDATA[  [firefox] › document-workflow.spec.ts:14:7 › PDF Searcher Document Workflow › should complete basic document upload workflow 

    Error: expect(locator).toBeVisible() failed

    Locator:  locator('[data-testid="dashboard"]')
    Expected: visible
    Received: <element(s) not found>
    Timeout:  10000ms

    Call log:
      - Expect "toBeVisible" with timeout 10000ms
      - waiting for locator('[data-testid="dashboard"]')


      22 |     // Wait for dashboard to load after OAuth redirect
      23 |     // In a real test environment, this would require OAuth mock or test credentials
    > 24 |     await expect(page.locator('[data-testid="dashboard"]')).toBeVisible({ timeout: 10000 })
         |                                                             ^
      25 |
      26 |     // Step 2: Upload form is already visible on dashboard
      27 |     await expect(page.locator('[data-testid="upload-form"]')).toBeVisible()
        at /Users/macbookpro/Desktop/pdf-ai-assistant/tests/e2e/document-workflow.spec.ts:24:61

    attachment #1: screenshot (image/png) ──────────────────────────────────────────────────────────
    ../../test-results/document-workflow-PDF-Sear-98f66-ic-document-upload-workflow-firefox/test-failed-1.png
    ────────────────────────────────────────────────────────────────────────────────────────────────

    attachment #2: video (video/webm) ──────────────────────────────────────────────────────────────
    ../../test-results/document-workflow-PDF-Sear-98f66-ic-document-upload-workflow-firefox/video.webm
    ────────────────────────────────────────────────────────────────────────────────────────────────

    Error Context: ../../test-results/document-workflow-PDF-Sear-98f66-ic-document-upload-workflow-firefox/error-context.md
]]>
</failure>
<system-out>
<![CDATA[
[[ATTACHMENT|document-workflow-PDF-Sear-98f66-ic-document-upload-workflow-firefox/test-failed-1.png]]

[[ATTACHMENT|document-workflow-PDF-Sear-98f66-ic-document-upload-workflow-firefox/video.webm]]

[[ATTACHMENT|document-workflow-PDF-Sear-98f66-ic-document-upload-workflow-firefox/error-context.md]]
]]>
</system-out>
</testcase>
</testsuite>
<testsuite name="document-workflow.spec.ts" timestamp="2025-10-03T05:04:44.710Z" hostname="webkit" tests="1" failures="1" skipped="0" time="12.903" errors="0">
<testcase name="PDF Searcher Document Workflow › should complete basic document upload workflow" classname="document-workflow.spec.ts" time="12.903">
<failure message="document-workflow.spec.ts:14:7 should complete basic document upload workflow" type="FAILURE">
<![CDATA[  [webkit] › document-workflow.spec.ts:14:7 › PDF Searcher Document Workflow › should complete basic document upload workflow 

    Error: expect(locator).toBeVisible() failed

    Locator:  locator('[data-testid="dashboard"]')
    Expected: visible
    Received: <element(s) not found>
    Timeout:  10000ms

    Call log:
      - Expect "toBeVisible" with timeout 10000ms
      - waiting for locator('[data-testid="dashboard"]')
        - waiting for navigation to finish...
        - navigated to "https://accounts.google.com/v3/signin/identifier?opparams=%253Fredirect_to%253Dhttp%25253A%25252F%25252Flocalhost%25253A3002%25252Fauth%25252Fcallback%25253Fnext%25253D%25252Fdashboard&dsh=S-21473590…"


      22 |     // Wait for dashboard to load after OAuth redirect
      23 |     // In a real test environment, this would require OAuth mock or test credentials
    > 24 |     await expect(page.locator('[data-testid="dashboard"]')).toBeVisible({ timeout: 10000 })
         |                                                             ^
      25 |
      26 |     // Step 2: Upload form is already visible on dashboard
      27 |     await expect(page.locator('[data-testid="upload-form"]')).toBeVisible()
        at /Users/macbookpro/Desktop/pdf-ai-assistant/tests/e2e/document-workflow.spec.ts:24:61

    attachment #1: screenshot (image/png) ──────────────────────────────────────────────────────────
    ../../test-results/document-workflow-PDF-Sear-98f66-ic-document-upload-workflow-webkit/test-failed-1.png
    ────────────────────────────────────────────────────────────────────────────────────────────────

    attachment #2: video (video/webm) ──────────────────────────────────────────────────────────────
    ../../test-results/document-workflow-PDF-Sear-98f66-ic-document-upload-workflow-webkit/video.webm
    ────────────────────────────────────────────────────────────────────────────────────────────────

    Error Context: ../../test-results/document-workflow-PDF-Sear-98f66-ic-document-upload-workflow-webkit/error-context.md
]]>
</failure>
<system-out>
<![CDATA[
[[ATTACHMENT|document-workflow-PDF-Sear-98f66-ic-document-upload-workflow-webkit/test-failed-1.png]]

[[ATTACHMENT|document-workflow-PDF-Sear-98f66-ic-document-upload-workflow-webkit/video.webm]]

[[ATTACHMENT|document-workflow-PDF-Sear-98f66-ic-document-upload-workflow-webkit/error-context.md]]
]]>
</system-out>
</testcase>
</testsuite>
<testsuite name="document-workflow.spec.ts" timestamp="2025-10-03T05:04:44.710Z" hostname="Mobile Chrome" tests="1" failures="1" skipped="0" time="13.123" errors="0">
<testcase name="PDF Searcher Document Workflow › should complete basic document upload workflow" classname="document-workflow.spec.ts" time="13.123">
<failure message="document-workflow.spec.ts:14:7 should complete basic document upload workflow" type="FAILURE">
<![CDATA[  [Mobile Chrome] › document-workflow.spec.ts:14:7 › PDF Searcher Document Workflow › should complete basic document upload workflow 

    Error: expect(locator).toBeVisible() failed

    Locator:  locator('[data-testid="dashboard"]')
    Expected: visible
    Received: <element(s) not found>
    Timeout:  10000ms

    Call log:
      - Expect "toBeVisible" with timeout 10000ms
      - waiting for locator('[data-testid="dashboard"]')


      22 |     // Wait for dashboard to load after OAuth redirect
      23 |     // In a real test environment, this would require OAuth mock or test credentials
    > 24 |     await expect(page.locator('[data-testid="dashboard"]')).toBeVisible({ timeout: 10000 })
         |                                                             ^
      25 |
      26 |     // Step 2: Upload form is already visible on dashboard
      27 |     await expect(page.locator('[data-testid="upload-form"]')).toBeVisible()
        at /Users/macbookpro/Desktop/pdf-ai-assistant/tests/e2e/document-workflow.spec.ts:24:61

    attachment #1: screenshot (image/png) ──────────────────────────────────────────────────────────
    ../../test-results/document-workflow-PDF-Sear-98f66-ic-document-upload-workflow-Mobile-Chrome/test-failed-1.png
    ────────────────────────────────────────────────────────────────────────────────────────────────

    attachment #2: video (video/webm) ──────────────────────────────────────────────────────────────
    ../../test-results/document-workflow-PDF-Sear-98f66-ic-document-upload-workflow-Mobile-Chrome/video.webm
    ────────────────────────────────────────────────────────────────────────────────────────────────

    Error Context: ../../test-results/document-workflow-PDF-Sear-98f66-ic-document-upload-workflow-Mobile-Chrome/error-context.md
]]>
</failure>
<system-out>
<![CDATA[
[[ATTACHMENT|document-workflow-PDF-Sear-98f66-ic-document-upload-workflow-Mobile-Chrome/test-failed-1.png]]

[[ATTACHMENT|document-workflow-PDF-Sear-98f66-ic-document-upload-workflow-Mobile-Chrome/video.webm]]

[[ATTACHMENT|document-workflow-PDF-Sear-98f66-ic-document-upload-workflow-Mobile-Chrome/error-context.md]]
]]>
</system-out>
</testcase>
</testsuite>
<testsuite name="document-workflow.spec.ts" timestamp="2025-10-03T05:04:44.710Z" hostname="Mobile Safari" tests="1" failures="1" skipped="0" time="12.345" errors="0">
<testcase name="PDF Searcher Document Workflow › should complete basic document upload workflow" classname="document-workflow.spec.ts" time="12.345">
<failure message="document-workflow.spec.ts:14:7 should complete basic document upload workflow" type="FAILURE">
<![CDATA[  [Mobile Safari] › document-workflow.spec.ts:14:7 › PDF Searcher Document Workflow › should complete basic document upload workflow 

    Error: expect(locator).toBeVisible() failed

    Locator:  locator('[data-testid="dashboard"]')
    Expected: visible
    Received: <element(s) not found>
    Timeout:  10000ms

    Call log:
      - Expect "toBeVisible" with timeout 10000ms
      - waiting for locator('[data-testid="dashboard"]')
        - waiting for navigation to finish...
        - navigated to "https://accounts.google.com/v3/signin/identifier?opparams=%253Fredirect_to%253Dhttp%25253A%25252F%25252Flocalhost%25253A3002%25252Fauth%25252Fcallback%25253Fnext%25253D%25252Fdashboard&dsh=S570543462…"


      22 |     // Wait for dashboard to load after OAuth redirect
      23 |     // In a real test environment, this would require OAuth mock or test credentials
    > 24 |     await expect(page.locator('[data-testid="dashboard"]')).toBeVisible({ timeout: 10000 })
         |                                                             ^
      25 |
      26 |     // Step 2: Upload form is already visible on dashboard
      27 |     await expect(page.locator('[data-testid="upload-form"]')).toBeVisible()
        at /Users/macbookpro/Desktop/pdf-ai-assistant/tests/e2e/document-workflow.spec.ts:24:61

    attachment #1: screenshot (image/png) ──────────────────────────────────────────────────────────
    ../../test-results/document-workflow-PDF-Sear-98f66-ic-document-upload-workflow-Mobile-Safari/test-failed-1.png
    ────────────────────────────────────────────────────────────────────────────────────────────────

    attachment #2: video (video/webm) ──────────────────────────────────────────────────────────────
    ../../test-results/document-workflow-PDF-Sear-98f66-ic-document-upload-workflow-Mobile-Safari/video.webm
    ────────────────────────────────────────────────────────────────────────────────────────────────

    Error Context: ../../test-results/document-workflow-PDF-Sear-98f66-ic-document-upload-workflow-Mobile-Safari/error-context.md
]]>
</failure>
<system-out>
<![CDATA[
[[ATTACHMENT|document-workflow-PDF-Sear-98f66-ic-document-upload-workflow-Mobile-Safari/test-failed-1.png]]

[[ATTACHMENT|document-workflow-PDF-Sear-98f66-ic-document-upload-workflow-Mobile-Safari/video.webm]]

[[ATTACHMENT|document-workflow-PDF-Sear-98f66-ic-document-upload-workflow-Mobile-Safari/error-context.md]]
]]>
</system-out>
</testcase>
</testsuite>
<testsuite name="document-workflow.spec.ts" timestamp="2025-10-03T05:04:44.710Z" hostname="Microsoft Edge" tests="1" failures="1" skipped="0" time="0.004" errors="0">
<testcase name="PDF Searcher Document Workflow › should complete basic document upload workflow" classname="document-workflow.spec.ts" time="0.004">
<failure message="document-workflow.spec.ts:14:7 should complete basic document upload workflow" type="FAILURE">
<![CDATA[  [Microsoft Edge] › document-workflow.spec.ts:14:7 › PDF Searcher Document Workflow › should complete basic document upload workflow 

    Error: browserType.launch: Chromium distribution 'msedge' is not found at /Applications/Microsoft Edge.app/Contents/MacOS/Microsoft Edge
    Run "npx playwright install msedge"
]]>
</failure>
</testcase>
</testsuite>
<testsuite name="document-workflow.spec.ts" timestamp="2025-10-03T05:04:44.710Z" hostname="Google Chrome" tests="1" failures="1" skipped="0" time="14.046" errors="0">
<testcase name="PDF Searcher Document Workflow › should complete basic document upload workflow" classname="document-workflow.spec.ts" time="14.046">
<failure message="document-workflow.spec.ts:14:7 should complete basic document upload workflow" type="FAILURE">
<![CDATA[  [Google Chrome] › document-workflow.spec.ts:14:7 › PDF Searcher Document Workflow › should complete basic document upload workflow 

    Error: expect(locator).toBeVisible() failed

    Locator:  locator('[data-testid="dashboard"]')
    Expected: visible
    Received: <element(s) not found>
    Timeout:  10000ms

    Call log:
      - Expect "toBeVisible" with timeout 10000ms
      - waiting for locator('[data-testid="dashboard"]')


      22 |     // Wait for dashboard to load after OAuth redirect
      23 |     // In a real test environment, this would require OAuth mock or test credentials
    > 24 |     await expect(page.locator('[data-testid="dashboard"]')).toBeVisible({ timeout: 10000 })
         |                                                             ^
      25 |
      26 |     // Step 2: Upload form is already visible on dashboard
      27 |     await expect(page.locator('[data-testid="upload-form"]')).toBeVisible()
        at /Users/macbookpro/Desktop/pdf-ai-assistant/tests/e2e/document-workflow.spec.ts:24:61

    attachment #1: screenshot (image/png) ──────────────────────────────────────────────────────────
    ../../test-results/document-workflow-PDF-Sear-98f66-ic-document-upload-workflow-Google-Chrome/test-failed-1.png
    ────────────────────────────────────────────────────────────────────────────────────────────────

    attachment #2: video (video/webm) ──────────────────────────────────────────────────────────────
    ../../test-results/document-workflow-PDF-Sear-98f66-ic-document-upload-workflow-Google-Chrome/video.webm
    ────────────────────────────────────────────────────────────────────────────────────────────────

    Error Context: ../../test-results/document-workflow-PDF-Sear-98f66-ic-document-upload-workflow-Google-Chrome/error-context.md
]]>
</failure>
<system-out>
<![CDATA[
[[ATTACHMENT|document-workflow-PDF-Sear-98f66-ic-document-upload-workflow-Google-Chrome/test-failed-1.png]]

[[ATTACHMENT|document-workflow-PDF-Sear-98f66-ic-document-upload-workflow-Google-Chrome/video.webm]]

[[ATTACHMENT|document-workflow-PDF-Sear-98f66-ic-document-upload-workflow-Google-Chrome/error-context.md]]
]]>
</system-out>
</testcase>
</testsuite>
</testsuites>